#
# A fatal error has been detected by the Java Runtime Environment:
#
#  SIGSEGV (0xb) at pc=0x00007f978f7ee1ce, pid=4037, tid=4042
#
# JRE version: Java(TM) SE Runtime Environment (11.0.2+9) (build 11.0.2+9-LTS)
# Java VM: Java HotSpot(TM) 64-Bit Server VM (11.0.2+9-LTS, mixed mode, tiered, compressed oops, g1 gc, linux-amd64)
# Problematic frame:
# V  [libjvm.so+0x77e1ce]  G1ParallelCleaningTask::work(unsigned int)+0x17e
#
# Core dump will be written. Default location: Core dumps may be processed with "/usr/lib/systemd/systemd-coredump %P %u %g %s %t %c %h" (or dumping to /home/kdolezal/dev/tout-tracker/core.4037)
#
# If you would like to submit a bug report, please visit:
#   http://bugreport.java.com/bugreport/crash.jsp
#

---------------  S U M M A R Y ------------

Command Line: -Xverify:none -XX:TieredStopAtLevel=1 -Dfile.encoding=UTF-8 -Duser.country=US -Duser.language=en -Duser.variant io.github.kyledolezal.touttracker.ToutTrackerApplicationKt

Host: Intel(R) Core(TM) i5 CPU       M 520  @ 2.40GHz, 4 cores, 5G, Fedora release 33 (Thirty Three)
Time: Tue Jan 26 22:45:15 2021 CST elapsed time: 15972 seconds (0d 4h 26m 12s)

---------------  T H R E A D  ---------------

Current thread (0x00007f978803c800):  GCTaskThread "GC Thread#0" [stack: 0x00007f978da09000,0x00007f978db09000] [id=4042]

Stack: [0x00007f978da09000,0x00007f978db09000],  sp=0x00007f978db07ce0,  free space=1019k
Native frames: (J=compiled Java code, A=aot compiled Java code, j=interpreted, Vv=VM code, C=native code)
V  [libjvm.so+0x77e1ce]  G1ParallelCleaningTask::work(unsigned int)+0x17e
V  [libjvm.so+0xe53f4d]  GangWorker::loop()+0x4d
V  [libjvm.so+0xc09750]  thread_native_entry(Thread*)+0xf0


siginfo: si_signo: 11 (SIGSEGV), si_code: 1 (SEGV_MAPERR), si_addr: 0x0000000000000060

Register to memory mapping:

RAX=0x0 is NULL
RBX=0x0 is NULL
RCX=0x0000000000000007 is an unknown value
RDX=0x000000000000b567 is an unknown value
RSP=0x00007f978db07ce0 points into unknown readable memory: e0 7d b0 8d 97 7f 00 00
RBP=0x00007f978db07de0 points into unknown readable memory: 20 7e b0 8d 97 7f 00 00
RSI=0x00007f9771894380 points into unknown readable memory: 00 00 00 00 00 00 00 00
RDI=0x00007f9771894390 points into unknown readable memory: 00 00 00 00 00 00 00 00
R8 =0x00007f97712e9000 points into unknown readable memory: 07 00 00 00 00 00 00 00
R9 =0x00007f9771889e8a is at entry_point+-86 in (nmethod*)0x00007f9771889d10
R10=0x0 is NULL
R11=
[error occurred during error reporting (printing register info), id 0xb, SIGSEGV (0xb) at pc=0x00007f978f7e1bbc]

Registers:
RAX=0x0000000000000000, RBX=0x0000000000000000, RCX=0x0000000000000007, RDX=0x000000000000b567
RSP=0x00007f978db07ce0, RBP=0x00007f978db07de0, RSI=0x00007f9771894380, RDI=0x00007f9771894390
R8 =0x00007f97712e9000, R9 =0x00007f9771889e8a, R10=0x0000000000000000, R11=0x00000000ffffffff
R12=0x0000000000000001, R13=0x0000000000000000, R14=0x00007f9771894390, R15=0x00007f9788033f20
RIP=0x00007f978f7ee1ce, EFLAGS=0x0000000000010206, CSGSFS=0x002b000000000033, ERR=0x0000000000000004
  TRAPNO=0x000000000000000e

Top of Stack: (sp=0x00007f978db07ce0)
0x00007f978db07ce0:   00007f978db07de0 00007f978c3e73a0
0x00007f978db07cf0:   00007f978c3e73a8 00007f977188fc90
0x00007f978db07d00:   0000000800000002 0000000000000008
0x00007f978db07d10:   00007f978c3e72f0 00000000025f97e0 

Instructions: (pc=0x00007f978f7ee1ce)
0x00007f978f7ee1ae:   00 00 48 8b 85 38 ff ff ff 4c 63 eb 48 8b 40 18
0x00007f978f7ee1be:   4e 8b 3c e8 eb 15 0f 1f 40 00 48 8b 00 4c 89 f7
0x00007f978f7ee1ce:   ff 50 60 84 c0 0f 85 82 00 00 00 4c 89 f6 4c 89
0x00007f978f7ee1de:   ff e8 ec 76 e7 ff 48 85 c0 49 89 c6 75 dc 4c 8b 

Stack slot to memory mapping:
stack at sp + 0 slots: 0x00007f978db07de0 points into unknown readable memory: 20 7e b0 8d 97 7f 00 00
stack at sp + 1 slots: 0x00007f978c3e73a0 points into unknown readable memory: 90 fc 88 71 97 7f 00 00
stack at sp + 2 slots: 0x00007f978c3e73a8 points into unknown readable memory: 10 f3 85 71 97 7f 00 00
stack at sp + 3 slots: 0x00007f977188fc90 is at entry_point+-560 in (nmethod*)0x00007f977188fc90
stack at sp + 4 slots: 0x0000000800000002 is an unknown value
stack at sp + 5 slots: 0x0000000000000008 is an unknown value
stack at sp + 6 slots: 0x00007f978c3e72f0 points into unknown readable memory: c0 b5 3b 90 97 7f 00 00
stack at sp + 7 slots: 0x00000000025f97e0 points into unknown readable memory: 01 00 00 00 03 00 00 00


---------------  P R O C E S S  ---------------

Threads class SMR info:
_java_thread_list=0x00007f96f8001e10, length=27, elements={
0x00007f9788129000, 0x00007f978812d800, 0x00007f9788140000, 0x00007f9788142000,
0x00007f9788144000, 0x00007f97881db000, 0x00007f97881e9800, 0x00007f9788d8b000,
0x00007f970c484000, 0x00007f9788c6a000, 0x00007f97001cc000, 0x00007f9789034800,
0x00007f9789036000, 0x00007f9789037800, 0x00007f9789039000, 0x00007f978903a800,
0x00007f978903c800, 0x00007f978903e800, 0x00007f9789040800, 0x00007f9789042800,
0x00007f9789044800, 0x00007f9789046800, 0x00007f978904d000, 0x00007f978904f800,
0x00007f9788015000, 0x00007f96f8003800, 0x00007f96f8004800
}

Java Threads: ( => current thread )
  0x00007f9788129000 JavaThread "Reference Handler" daemon [_thread_blocked, id=4048, stack(0x00007f978c1e6000,0x00007f978c2e7000)]
  0x00007f978812d800 JavaThread "Finalizer" daemon [_thread_blocked, id=4049, stack(0x00007f978c0e5000,0x00007f978c1e6000)]
  0x00007f9788140000 JavaThread "Signal Dispatcher" daemon [_thread_blocked, id=4050, stack(0x00007f9770341000,0x00007f9770442000)]
  0x00007f9788142000 JavaThread "C1 CompilerThread0" daemon [_thread_blocked, id=4051, stack(0x00007f9770240000,0x00007f9770341000)]
  0x00007f9788144000 JavaThread "Sweeper thread" daemon [_thread_blocked, id=4052, stack(0x00007f977013f000,0x00007f9770240000)]
  0x00007f97881db000 JavaThread "Service Thread" daemon [_thread_blocked, id=4055, stack(0x00007f976912f000,0x00007f9769230000)]
  0x00007f97881e9800 JavaThread "Common-Cleaner" daemon [_thread_blocked, id=4057, stack(0x00007f9768f2c000,0x00007f976902d000)]
  0x00007f9788d8b000 JavaThread "Catalina-utility-1" [_thread_blocked, id=4065, stack(0x00007f97685ff000,0x00007f9768700000)]
  0x00007f970c484000 JavaThread "Catalina-utility-2" [_thread_blocked, id=4066, stack(0x00007f97680fa000,0x00007f97681fb000)]
  0x00007f9788c6a000 JavaThread "container-0" [_thread_blocked, id=4067, stack(0x00007f97604f4000,0x00007f97605f5000)]
  0x00007f97001cc000 JavaThread "HikariPool-1 housekeeper" daemon [_thread_blocked, id=4071, stack(0x00007f973a1cc000,0x00007f973a2cd000)]
  0x00007f9789034800 JavaThread "http-nio-8080-BlockPoller" daemon [_thread_in_native, id=4087, stack(0x00007f97394c9000,0x00007f97395ca000)]
  0x00007f9789036000 JavaThread "http-nio-8080-exec-1" daemon [_thread_blocked, id=4088, stack(0x00007f97393c8000,0x00007f97394c9000)]
  0x00007f9789037800 JavaThread "http-nio-8080-exec-2" daemon [_thread_blocked, id=4089, stack(0x00007f97392c7000,0x00007f97393c8000)]
  0x00007f9789039000 JavaThread "http-nio-8080-exec-3" daemon [_thread_blocked, id=4090, stack(0x00007f97391c6000,0x00007f97392c7000)]
  0x00007f978903a800 JavaThread "http-nio-8080-exec-4" daemon [_thread_blocked, id=4091, stack(0x00007f97390c5000,0x00007f97391c6000)]
  0x00007f978903c800 JavaThread "http-nio-8080-exec-5" daemon [_thread_blocked, id=4092, stack(0x00007f9738fc4000,0x00007f97390c5000)]
  0x00007f978903e800 JavaThread "http-nio-8080-exec-6" daemon [_thread_blocked, id=4093, stack(0x00007f9738ec3000,0x00007f9738fc4000)]
  0x00007f9789040800 JavaThread "http-nio-8080-exec-7" daemon [_thread_blocked, id=4094, stack(0x00007f9738dc2000,0x00007f9738ec3000)]
  0x00007f9789042800 JavaThread "http-nio-8080-exec-8" daemon [_thread_blocked, id=4095, stack(0x00007f9738cc1000,0x00007f9738dc2000)]
  0x00007f9789044800 JavaThread "http-nio-8080-exec-9" daemon [_thread_blocked, id=4096, stack(0x00007f9738bc0000,0x00007f9738cc1000)]
  0x00007f9789046800 JavaThread "http-nio-8080-exec-10" daemon [_thread_blocked, id=4097, stack(0x00007f9738abf000,0x00007f9738bc0000)]
  0x00007f978904d000 JavaThread "http-nio-8080-ClientPoller" daemon [_thread_in_native, id=4098, stack(0x00007f97389be000,0x00007f9738abf000)]
  0x00007f978904f800 JavaThread "http-nio-8080-Acceptor" daemon [_thread_in_native, id=4099, stack(0x00007f97388bd000,0x00007f97389be000)]
  0x00007f9788015000 JavaThread "DestroyJavaVM" [_thread_blocked, id=4039, stack(0x00007f978ee29000,0x00007f978ef2a000)]
  0x00007f96f8003800 JavaThread "HikariPool-1 connection closer" daemon [_thread_blocked, id=24541, stack(0x00007f97601f3000,0x00007f97602f4000)]
  0x00007f96f8004800 JavaThread "HikariPool-1 connection adder" daemon [_thread_blocked, id=24542, stack(0x00007f97399ca000,0x00007f9739acb000)]

Other Threads:
  0x00007f9788121000 VMThread "VM Thread" [stack: 0x00007f978c2e9000,0x00007f978c3e9000] [id=4047]
  0x00007f97881e2000 WatcherThread [stack: 0x00007f976902f000,0x00007f976912f000] [id=4056]
=>0x00007f978803c800 GCTaskThread "GC Thread#0" [stack: 0x00007f978da09000,0x00007f978db09000] [id=4042]
  0x00007f9754001000 GCTaskThread "GC Thread#1" [stack: 0x00007f9768902000,0x00007f9768a02000] [id=4059]
  0x00007f9754003800 GCTaskThread "GC Thread#2" [stack: 0x00007f97684ff000,0x00007f97685ff000] [id=4061]
  0x00007f9754005000 GCTaskThread "GC Thread#3" [stack: 0x00007f97683fd000,0x00007f97684fd000] [id=4062]
  0x00007f9788062000 ConcurrentGCThread "G1 Main Marker" [stack: 0x00007f978cc3b000,0x00007f978cd3b000] [id=4043]
  0x00007f9788064000 ConcurrentGCThread "G1 Conc#0" [stack: 0x00007f978cb39000,0x00007f978cc39000] [id=4044]
  0x00007f97880c0800 ConcurrentGCThread "G1 Refine#0" [stack: 0x00007f978c633000,0x00007f978c733000] [id=4045]
  0x00007f97880c2000 ConcurrentGCThread "G1 Young RemSet Sampling" [stack: 0x00007f978c531000,0x00007f978c631000] [id=4046]

Threads with active compile tasks:

VM state:at safepoint (normal execution)

VM Mutex/Monitor currently owned by a thread:  ([mutex/lock_event])
[0x00007f9788011e10] Threads_lock - owner thread: 0x00007f9788121000
[0x00007f9788012560] Heap_lock - owner thread: 0x00007f9788062000

Heap address: 0x00000000a4600000, size: 1466 MB, Compressed Oops mode: 32-bit
Narrow klass base: 0x0000000000000000, Narrow klass shift: 3
Compressed class space size: 1073741824 Address: 0x0000000100000000

Heap:
 garbage-first heap   total 171008K, used 35761K [0x00000000a4600000, 0x0000000100000000)
  region size 1024K, 10 young (10240K), 9 survivors (9216K)
 Metaspace       used 61918K, capacity 63588K, committed 63952K, reserved 1103872K
  class space    used 8117K, capacity 8772K, committed 8832K, reserved 1048576K
Heap Regions: E=young(eden), S=young(survivor), O=old, HS=humongous(starts), HC=humongous(continues), CS=collection set, F=free, A=archive, TAMS=top-at-mark-start (previous, next)
|   0|0x00000000a4600000, 0x00000000a4700000, 0x00000000a4700000|100%|HS|  |TAMS 0x00000000a4700000, 0x00000000a4700000| Complete 
|   1|0x00000000a4700000, 0x00000000a4800000, 0x00000000a4800000|100%| O|  |TAMS 0x00000000a4800000, 0x00000000a4800000| Untracked 
|   2|0x00000000a4800000, 0x00000000a4900000, 0x00000000a4900000|100%| O|  |TAMS 0x00000000a4900000, 0x00000000a4900000| Untracked 
|   3|0x00000000a4900000, 0x00000000a4a00000, 0x00000000a4a00000|100%| O|  |TAMS 0x00000000a4a00000, 0x00000000a4a00000| Untracked 
|   4|0x00000000a4a00000, 0x00000000a4b00000, 0x00000000a4b00000|100%| O|  |TAMS 0x00000000a4b00000, 0x00000000a4b00000| Untracked 
|   5|0x00000000a4b00000, 0x00000000a4c00000, 0x00000000a4c00000|100%| O|  |TAMS 0x00000000a4c00000, 0x00000000a4c00000| Untracked 
|   6|0x00000000a4c00000, 0x00000000a4d00000, 0x00000000a4d00000|100%| O|  |TAMS 0x00000000a4d00000, 0x00000000a4d00000| Untracked 
|   7|0x00000000a4d00000, 0x00000000a4e00000, 0x00000000a4e00000|100%| O|  |TAMS 0x00000000a4e00000, 0x00000000a4e00000| Untracked 
|   8|0x00000000a4e00000, 0x00000000a4f00000, 0x00000000a4f00000|100%| O|  |TAMS 0x00000000a4f00000, 0x00000000a4f00000| Untracked 
|   9|0x00000000a4f00000, 0x00000000a5000000, 0x00000000a5000000|100%| O|  |TAMS 0x00000000a5000000, 0x00000000a5000000| Untracked 
|  10|0x00000000a5000000, 0x00000000a5100000, 0x00000000a5100000|100%| O|  |TAMS 0x00000000a5100000, 0x00000000a5100000| Untracked 
|  11|0x00000000a5100000, 0x00000000a5200000, 0x00000000a5200000|100%| O|  |TAMS 0x00000000a5200000, 0x00000000a5200000| Untracked 
|  12|0x00000000a5200000, 0x00000000a5300000, 0x00000000a5300000|100%| O|  |TAMS 0x00000000a5300000, 0x00000000a5300000| Untracked 
|  13|0x00000000a5300000, 0x00000000a5400000, 0x00000000a5400000|100%| O|  |TAMS 0x00000000a5400000, 0x00000000a5400000| Untracked 
|  14|0x00000000a5400000, 0x00000000a5500000, 0x00000000a5500000|100%| O|  |TAMS 0x00000000a5500000, 0x00000000a5500000| Untracked 
|  15|0x00000000a5500000, 0x00000000a5600000, 0x00000000a5600000|100%| O|  |TAMS 0x00000000a5600000, 0x00000000a5600000| Untracked 
|  16|0x00000000a5600000, 0x00000000a5700000, 0x00000000a5700000|100%| O|  |TAMS 0x00000000a5700000, 0x00000000a5700000| Untracked 
|  17|0x00000000a5700000, 0x00000000a5800000, 0x00000000a5800000|100%| O|  |TAMS 0x00000000a5800000, 0x00000000a5800000| Untracked 
|  18|0x00000000a5800000, 0x00000000a5900000, 0x00000000a5900000|100%| O|  |TAMS 0x00000000a5900000, 0x00000000a5900000| Untracked 
|  19|0x00000000a5900000, 0x00000000a5a00000, 0x00000000a5a00000|100%| O|  |TAMS 0x00000000a5a00000, 0x00000000a5a00000| Untracked 
|  20|0x00000000a5a00000, 0x00000000a5b00000, 0x00000000a5b00000|100%| O|  |TAMS 0x00000000a5b00000, 0x00000000a5b00000| Untracked 
|  21|0x00000000a5b00000, 0x00000000a5c00000, 0x00000000a5c00000|100%| O|  |TAMS 0x00000000a5b0c800, 0x00000000a5c00000| Untracked 
|  22|0x00000000a5c00000, 0x00000000a5d00000, 0x00000000a5d00000|100%| O|  |TAMS 0x00000000a5c00000, 0x00000000a5d00000| Untracked 
|  23|0x00000000a5d00000, 0x00000000a5e00000, 0x00000000a5e00000|100%| O|  |TAMS 0x00000000a5d00000, 0x00000000a5e00000| Untracked 
|  24|0x00000000a5e00000, 0x00000000a5f00000, 0x00000000a5f00000|100%| O|  |TAMS 0x00000000a5e00000, 0x00000000a5f00000| Untracked 
|  25|0x00000000a5f00000, 0x00000000a5fec400, 0x00000000a6000000| 92%| O|  |TAMS 0x00000000a5f00000, 0x00000000a5fec400| Untracked 
|  26|0x00000000a6000000, 0x00000000a6000000, 0x00000000a6100000|  0%| F|  |TAMS 0x00000000a6000000, 0x00000000a6000000| Untracked 
|  27|0x00000000a6100000, 0x00000000a6100000, 0x00000000a6200000|  0%| F|  |TAMS 0x00000000a6100000, 0x00000000a6100000| Untracked 
|  28|0x00000000a6200000, 0x00000000a6200000, 0x00000000a6300000|  0%| F|  |TAMS 0x00000000a6200000, 0x00000000a6200000| Untracked 
|  29|0x00000000a6300000, 0x00000000a6300000, 0x00000000a6400000|  0%| F|  |TAMS 0x00000000a6300000, 0x00000000a6300000| Untracked 
|  30|0x00000000a6400000, 0x00000000a6400000, 0x00000000a6500000|  0%| F|  |TAMS 0x00000000a6400000, 0x00000000a6400000| Untracked 
|  31|0x00000000a6500000, 0x00000000a6500000, 0x00000000a6600000|  0%| F|  |TAMS 0x00000000a6500000, 0x00000000a6500000| Untracked 
|  32|0x00000000a6600000, 0x00000000a6600000, 0x00000000a6700000|  0%| F|  |TAMS 0x00000000a6600000, 0x00000000a6600000| Untracked 
|  33|0x00000000a6700000, 0x00000000a6700000, 0x00000000a6800000|  0%| F|  |TAMS 0x00000000a6700000, 0x00000000a6700000| Untracked 
|  34|0x00000000a6800000, 0x00000000a6800000, 0x00000000a6900000|  0%| F|  |TAMS 0x00000000a6800000, 0x00000000a6800000| Untracked 
|  35|0x00000000a6900000, 0x00000000a6900000, 0x00000000a6a00000|  0%| F|  |TAMS 0x00000000a6900000, 0x00000000a6900000| Untracked 
|  36|0x00000000a6a00000, 0x00000000a6a00000, 0x00000000a6b00000|  0%| F|  |TAMS 0x00000000a6a00000, 0x00000000a6a00000| Untracked 
|  37|0x00000000a6b00000, 0x00000000a6b00000, 0x00000000a6c00000|  0%| F|  |TAMS 0x00000000a6b00000, 0x00000000a6b00000| Untracked 
|  38|0x00000000a6c00000, 0x00000000a6c00000, 0x00000000a6d00000|  0%| F|  |TAMS 0x00000000a6c00000, 0x00000000a6c00000| Untracked 
|  39|0x00000000a6d00000, 0x00000000a6d00000, 0x00000000a6e00000|  0%| F|  |TAMS 0x00000000a6d00000, 0x00000000a6d00000| Untracked 
|  40|0x00000000a6e00000, 0x00000000a6e00000, 0x00000000a6f00000|  0%| F|  |TAMS 0x00000000a6e00000, 0x00000000a6e00000| Untracked 
|  41|0x00000000a6f00000, 0x00000000a6f00000, 0x00000000a7000000|  0%| F|  |TAMS 0x00000000a6f00000, 0x00000000a6f00000| Untracked 
|  42|0x00000000a7000000, 0x00000000a7000000, 0x00000000a7100000|  0%| F|  |TAMS 0x00000000a7000000, 0x00000000a7000000| Untracked 
|  43|0x00000000a7100000, 0x00000000a7100000, 0x00000000a7200000|  0%| F|  |TAMS 0x00000000a7100000, 0x00000000a7100000| Untracked 
|  44|0x00000000a7200000, 0x00000000a7200000, 0x00000000a7300000|  0%| F|  |TAMS 0x00000000a7200000, 0x00000000a7200000| Untracked 
|  45|0x00000000a7300000, 0x00000000a7300000, 0x00000000a7400000|  0%| F|  |TAMS 0x00000000a7300000, 0x00000000a7300000| Untracked 
|  46|0x00000000a7400000, 0x00000000a7400000, 0x00000000a7500000|  0%| F|  |TAMS 0x00000000a7400000, 0x00000000a7400000| Untracked 
|  47|0x00000000a7500000, 0x00000000a7500000, 0x00000000a7600000|  0%| F|  |TAMS 0x00000000a7500000, 0x00000000a7500000| Untracked 
|  48|0x00000000a7600000, 0x00000000a7600000, 0x00000000a7700000|  0%| F|  |TAMS 0x00000000a7600000, 0x00000000a7600000| Untracked 
|  49|0x00000000a7700000, 0x00000000a7700000, 0x00000000a7800000|  0%| F|  |TAMS 0x00000000a7700000, 0x00000000a7700000| Untracked 
|  50|0x00000000a7800000, 0x00000000a7800000, 0x00000000a7900000|  0%| F|  |TAMS 0x00000000a7800000, 0x00000000a7800000| Untracked 
|  51|0x00000000a7900000, 0x00000000a7900000, 0x00000000a7a00000|  0%| F|  |TAMS 0x00000000a7900000, 0x00000000a7900000| Untracked 
|  52|0x00000000a7a00000, 0x00000000a7a00000, 0x00000000a7b00000|  0%| F|  |TAMS 0x00000000a7a00000, 0x00000000a7a00000| Untracked 
|  53|0x00000000a7b00000, 0x00000000a7b00000, 0x00000000a7c00000|  0%| F|  |TAMS 0x00000000a7b00000, 0x00000000a7b00000| Untracked 
|  54|0x00000000a7c00000, 0x00000000a7c00000, 0x00000000a7d00000|  0%| F|  |TAMS 0x00000000a7c00000, 0x00000000a7c00000| Untracked 
|  55|0x00000000a7d00000, 0x00000000a7d00000, 0x00000000a7e00000|  0%| F|  |TAMS 0x00000000a7d00000, 0x00000000a7d00000| Untracked 
|  56|0x00000000a7e00000, 0x00000000a7e00000, 0x00000000a7f00000|  0%| F|  |TAMS 0x00000000a7e00000, 0x00000000a7e00000| Untracked 
|  57|0x00000000a7f00000, 0x00000000a7f00000, 0x00000000a8000000|  0%| F|  |TAMS 0x00000000a7f00000, 0x00000000a7f00000| Untracked 
|  58|0x00000000a8000000, 0x00000000a8000000, 0x00000000a8100000|  0%| F|  |TAMS 0x00000000a8000000, 0x00000000a8000000| Untracked 
|  59|0x00000000a8100000, 0x00000000a8100000, 0x00000000a8200000|  0%| F|  |TAMS 0x00000000a8100000, 0x00000000a8100000| Untracked 
|  60|0x00000000a8200000, 0x00000000a8200000, 0x00000000a8300000|  0%| F|  |TAMS 0x00000000a8200000, 0x00000000a8200000| Untracked 
|  61|0x00000000a8300000, 0x00000000a8300000, 0x00000000a8400000|  0%| F|  |TAMS 0x00000000a8300000, 0x00000000a8300000| Untracked 
|  62|0x00000000a8400000, 0x00000000a8400000, 0x00000000a8500000|  0%| F|  |TAMS 0x00000000a8400000, 0x00000000a8400000| Untracked 
|  63|0x00000000a8500000, 0x00000000a8600000, 0x00000000a8600000|100%| S|CS|TAMS 0x00000000a8500000, 0x00000000a8500000| Complete 
|  64|0x00000000a8600000, 0x00000000a8700000, 0x00000000a8700000|100%| S|CS|TAMS 0x00000000a8600000, 0x00000000a8600000| Complete 
|  65|0x00000000a8700000, 0x00000000a8800000, 0x00000000a8800000|100%| S|CS|TAMS 0x00000000a8700000, 0x00000000a8700000| Complete 
|  66|0x00000000a8800000, 0x00000000a8900000, 0x00000000a8900000|100%| S|CS|TAMS 0x00000000a8800000, 0x00000000a8800000| Complete 
|  67|0x00000000a8900000, 0x00000000a8a00000, 0x00000000a8a00000|100%| S|CS|TAMS 0x00000000a8900000, 0x00000000a8900000| Complete 
|  68|0x00000000a8a00000, 0x00000000a8b00000, 0x00000000a8b00000|100%| S|CS|TAMS 0x00000000a8a00000, 0x00000000a8a00000| Complete 
|  69|0x00000000a8b00000, 0x00000000a8c00000, 0x00000000a8c00000|100%| S|CS|TAMS 0x00000000a8b00000, 0x00000000a8b00000| Complete 
|  70|0x00000000a8c00000, 0x00000000a8d00000, 0x00000000a8d00000|100%| S|CS|TAMS 0x00000000a8c00000, 0x00000000a8c00000| Complete 
|  71|0x00000000a8d00000, 0x00000000a8e00000, 0x00000000a8e00000|100%| S|CS|TAMS 0x00000000a8d00000, 0x00000000a8d00000| Complete 
|  72|0x00000000a8e00000, 0x00000000a8e00000, 0x00000000a8f00000|  0%| F|  |TAMS 0x00000000a8e00000, 0x00000000a8e00000| Untracked 
|  73|0x00000000a8f00000, 0x00000000a8f00000, 0x00000000a9000000|  0%| F|  |TAMS 0x00000000a8f00000, 0x00000000a8f00000| Untracked 
|  74|0x00000000a9000000, 0x00000000a9000000, 0x00000000a9100000|  0%| F|  |TAMS 0x00000000a9000000, 0x00000000a9000000| Untracked 
|  75|0x00000000a9100000, 0x00000000a9100000, 0x00000000a9200000|  0%| F|  |TAMS 0x00000000a9100000, 0x00000000a9100000| Untracked 
|  76|0x00000000a9200000, 0x00000000a9200000, 0x00000000a9300000|  0%| F|  |TAMS 0x00000000a9200000, 0x00000000a9200000| Untracked 
|  77|0x00000000a9300000, 0x00000000a9300000, 0x00000000a9400000|  0%| F|  |TAMS 0x00000000a9300000, 0x00000000a9300000| Untracked 
|  78|0x00000000a9400000, 0x00000000a9400000, 0x00000000a9500000|  0%| F|  |TAMS 0x00000000a9400000, 0x00000000a9400000| Untracked 
|  79|0x00000000a9500000, 0x00000000a9500000, 0x00000000a9600000|  0%| F|  |TAMS 0x00000000a9500000, 0x00000000a9500000| Untracked 
|  80|0x00000000a9600000, 0x00000000a9600000, 0x00000000a9700000|  0%| F|  |TAMS 0x00000000a9600000, 0x00000000a9600000| Untracked 
|  81|0x00000000a9700000, 0x00000000a9700000, 0x00000000a9800000|  0%| F|  |TAMS 0x00000000a9700000, 0x00000000a9700000| Untracked 
|  82|0x00000000a9800000, 0x00000000a9800000, 0x00000000a9900000|  0%| F|  |TAMS 0x00000000a9800000, 0x00000000a9800000| Untracked 
|  83|0x00000000a9900000, 0x00000000a9900000, 0x00000000a9a00000|  0%| F|  |TAMS 0x00000000a9900000, 0x00000000a9900000| Untracked 
|  84|0x00000000a9a00000, 0x00000000a9a00000, 0x00000000a9b00000|  0%| F|  |TAMS 0x00000000a9a00000, 0x00000000a9a00000| Untracked 
|  85|0x00000000a9b00000, 0x00000000a9b00000, 0x00000000a9c00000|  0%| F|  |TAMS 0x00000000a9b00000, 0x00000000a9b00000| Untracked 
|  86|0x00000000a9c00000, 0x00000000a9c00000, 0x00000000a9d00000|  0%| F|  |TAMS 0x00000000a9c00000, 0x00000000a9c00000| Untracked 
|  87|0x00000000a9d00000, 0x00000000a9d00000, 0x00000000a9e00000|  0%| F|  |TAMS 0x00000000a9d00000, 0x00000000a9d00000| Untracked 
|  88|0x00000000a9e00000, 0x00000000a9e00000, 0x00000000a9f00000|  0%| F|  |TAMS 0x00000000a9e00000, 0x00000000a9e00000| Untracked 
|  89|0x00000000a9f00000, 0x00000000a9f00000, 0x00000000aa000000|  0%| F|  |TAMS 0x00000000a9f00000, 0x00000000a9f00000| Untracked 
|  90|0x00000000aa000000, 0x00000000aa000000, 0x00000000aa100000|  0%| F|  |TAMS 0x00000000aa000000, 0x00000000aa000000| Untracked 
|  91|0x00000000aa100000, 0x00000000aa100000, 0x00000000aa200000|  0%| F|  |TAMS 0x00000000aa100000, 0x00000000aa100000| Untracked 
|  92|0x00000000aa200000, 0x00000000aa200000, 0x00000000aa300000|  0%| F|  |TAMS 0x00000000aa200000, 0x00000000aa200000| Untracked 
|  93|0x00000000aa300000, 0x00000000aa300000, 0x00000000aa400000|  0%| F|  |TAMS 0x00000000aa300000, 0x00000000aa300000| Untracked 
|  94|0x00000000aa400000, 0x00000000aa400000, 0x00000000aa500000|  0%| F|  |TAMS 0x00000000aa400000, 0x00000000aa400000| Untracked 
|  95|0x00000000aa500000, 0x00000000aa500000, 0x00000000aa600000|  0%| F|  |TAMS 0x00000000aa500000, 0x00000000aa500000| Untracked 
|  96|0x00000000aa600000, 0x00000000aa600000, 0x00000000aa700000|  0%| F|  |TAMS 0x00000000aa600000, 0x00000000aa600000| Untracked 
|  97|0x00000000aa700000, 0x00000000aa700000, 0x00000000aa800000|  0%| F|  |TAMS 0x00000000aa700000, 0x00000000aa700000| Untracked 
|  98|0x00000000aa800000, 0x00000000aa800000, 0x00000000aa900000|  0%| F|  |TAMS 0x00000000aa800000, 0x00000000aa800000| Untracked 
|  99|0x00000000aa900000, 0x00000000aa900000, 0x00000000aaa00000|  0%| F|  |TAMS 0x00000000aa900000, 0x00000000aa900000| Untracked 
| 100|0x00000000aaa00000, 0x00000000aaa00000, 0x00000000aab00000|  0%| F|  |TAMS 0x00000000aaa00000, 0x00000000aaa00000| Untracked 
| 101|0x00000000aab00000, 0x00000000aab00000, 0x00000000aac00000|  0%| F|  |TAMS 0x00000000aab00000, 0x00000000aab00000| Untracked 
| 102|0x00000000aac00000, 0x00000000aac00000, 0x00000000aad00000|  0%| F|  |TAMS 0x00000000aac00000, 0x00000000aac00000| Untracked 
| 103|0x00000000aad00000, 0x00000000aad00000, 0x00000000aae00000|  0%| F|  |TAMS 0x00000000aad00000, 0x00000000aad00000| Untracked 
| 104|0x00000000aae00000, 0x00000000aae00000, 0x00000000aaf00000|  0%| F|  |TAMS 0x00000000aae00000, 0x00000000aae00000| Untracked 
| 105|0x00000000aaf00000, 0x00000000aaf00000, 0x00000000ab000000|  0%| F|  |TAMS 0x00000000aaf00000, 0x00000000aaf00000| Untracked 
| 106|0x00000000ab000000, 0x00000000ab000000, 0x00000000ab100000|  0%| F|  |TAMS 0x00000000ab000000, 0x00000000ab000000| Untracked 
| 107|0x00000000ab100000, 0x00000000ab100000, 0x00000000ab200000|  0%| F|  |TAMS 0x00000000ab100000, 0x00000000ab100000| Untracked 
| 108|0x00000000ab200000, 0x00000000ab200000, 0x00000000ab300000|  0%| F|  |TAMS 0x00000000ab200000, 0x00000000ab200000| Untracked 
| 109|0x00000000ab300000, 0x00000000ab300000, 0x00000000ab400000|  0%| F|  |TAMS 0x00000000ab300000, 0x00000000ab300000| Untracked 
| 110|0x00000000ab400000, 0x00000000ab400000, 0x00000000ab500000|  0%| F|  |TAMS 0x00000000ab400000, 0x00000000ab400000| Untracked 
| 111|0x00000000ab500000, 0x00000000ab500000, 0x00000000ab600000|  0%| F|  |TAMS 0x00000000ab500000, 0x00000000ab500000| Untracked 
| 112|0x00000000ab600000, 0x00000000ab600000, 0x00000000ab700000|  0%| F|  |TAMS 0x00000000ab600000, 0x00000000ab600000| Untracked 
| 113|0x00000000ab700000, 0x00000000ab700000, 0x00000000ab800000|  0%| F|  |TAMS 0x00000000ab700000, 0x00000000ab700000| Untracked 
| 114|0x00000000ab800000, 0x00000000ab800000, 0x00000000ab900000|  0%| F|  |TAMS 0x00000000ab800000, 0x00000000ab800000| Untracked 
| 115|0x00000000ab900000, 0x00000000ab900000, 0x00000000aba00000|  0%| F|  |TAMS 0x00000000ab900000, 0x00000000ab900000| Untracked 
| 116|0x00000000aba00000, 0x00000000aba00000, 0x00000000abb00000|  0%| F|  |TAMS 0x00000000aba00000, 0x00000000aba00000| Untracked 
| 117|0x00000000abb00000, 0x00000000abb00000, 0x00000000abc00000|  0%| F|  |TAMS 0x00000000abb00000, 0x00000000abb00000| Untracked 
| 118|0x00000000abc00000, 0x00000000abc00000, 0x00000000abd00000|  0%| F|  |TAMS 0x00000000abc00000, 0x00000000abc00000| Untracked 
| 119|0x00000000abd00000, 0x00000000abd00000, 0x00000000abe00000|  0%| F|  |TAMS 0x00000000abd00000, 0x00000000abd00000| Untracked 
| 120|0x00000000abe00000, 0x00000000abe00000, 0x00000000abf00000|  0%| F|  |TAMS 0x00000000abe00000, 0x00000000abe00000| Untracked 
| 121|0x00000000abf00000, 0x00000000abf00000, 0x00000000ac000000|  0%| F|  |TAMS 0x00000000abf00000, 0x00000000abf00000| Untracked 
| 122|0x00000000ac000000, 0x00000000ac000000, 0x00000000ac100000|  0%| F|  |TAMS 0x00000000ac000000, 0x00000000ac000000| Untracked 
| 123|0x00000000ac100000, 0x00000000ac100000, 0x00000000ac200000|  0%| F|  |TAMS 0x00000000ac100000, 0x00000000ac100000| Untracked 
| 124|0x00000000ac200000, 0x00000000ac200000, 0x00000000ac300000|  0%| F|  |TAMS 0x00000000ac200000, 0x00000000ac200000| Untracked 
| 125|0x00000000ac300000, 0x00000000ac300000, 0x00000000ac400000|  0%| F|  |TAMS 0x00000000ac300000, 0x00000000ac300000| Untracked 
| 126|0x00000000ac400000, 0x00000000ac400000, 0x00000000ac500000|  0%| F|  |TAMS 0x00000000ac400000, 0x00000000ac400000| Untracked 
| 127|0x00000000ac500000, 0x00000000ac500000, 0x00000000ac600000|  0%| F|  |TAMS 0x00000000ac500000, 0x00000000ac500000| Untracked 
| 128|0x00000000ac600000, 0x00000000ac600000, 0x00000000ac700000|  0%| F|  |TAMS 0x00000000ac600000, 0x00000000ac600000| Untracked 
| 129|0x00000000ac700000, 0x00000000ac700000, 0x00000000ac800000|  0%| F|  |TAMS 0x00000000ac700000, 0x00000000ac700000| Untracked 
| 130|0x00000000ac800000, 0x00000000ac800000, 0x00000000ac900000|  0%| F|  |TAMS 0x00000000ac800000, 0x00000000ac800000| Untracked 
| 131|0x00000000ac900000, 0x00000000ac900000, 0x00000000aca00000|  0%| F|  |TAMS 0x00000000ac900000, 0x00000000ac900000| Untracked 
| 132|0x00000000aca00000, 0x00000000aca00000, 0x00000000acb00000|  0%| F|  |TAMS 0x00000000aca00000, 0x00000000aca00000| Untracked 
| 133|0x00000000acb00000, 0x00000000acb00000, 0x00000000acc00000|  0%| F|  |TAMS 0x00000000acb00000, 0x00000000acb00000| Untracked 
| 134|0x00000000acc00000, 0x00000000acc00000, 0x00000000acd00000|  0%| F|  |TAMS 0x00000000acc00000, 0x00000000acc00000| Untracked 
| 135|0x00000000acd00000, 0x00000000acd00000, 0x00000000ace00000|  0%| F|  |TAMS 0x00000000acd00000, 0x00000000acd00000| Untracked 
| 136|0x00000000ace00000, 0x00000000ace00000, 0x00000000acf00000|  0%| F|  |TAMS 0x00000000ace00000, 0x00000000ace00000| Untracked 
| 137|0x00000000acf00000, 0x00000000acf00000, 0x00000000ad000000|  0%| F|  |TAMS 0x00000000acf00000, 0x00000000acf00000| Untracked 
| 138|0x00000000ad000000, 0x00000000ad000000, 0x00000000ad100000|  0%| F|  |TAMS 0x00000000ad000000, 0x00000000ad000000| Untracked 
| 139|0x00000000ad100000, 0x00000000ad100000, 0x00000000ad200000|  0%| F|  |TAMS 0x00000000ad100000, 0x00000000ad100000| Untracked 
| 140|0x00000000ad200000, 0x00000000ad200000, 0x00000000ad300000|  0%| F|  |TAMS 0x00000000ad200000, 0x00000000ad200000| Untracked 
| 141|0x00000000ad300000, 0x00000000ad300000, 0x00000000ad400000|  0%| F|  |TAMS 0x00000000ad300000, 0x00000000ad300000| Untracked 
| 142|0x00000000ad400000, 0x00000000ad400000, 0x00000000ad500000|  0%| F|  |TAMS 0x00000000ad400000, 0x00000000ad400000| Untracked 
| 143|0x00000000ad500000, 0x00000000ad500000, 0x00000000ad600000|  0%| F|  |TAMS 0x00000000ad500000, 0x00000000ad500000| Untracked 
| 144|0x00000000ad600000, 0x00000000ad600000, 0x00000000ad700000|  0%| F|  |TAMS 0x00000000ad600000, 0x00000000ad600000| Untracked 
| 145|0x00000000ad700000, 0x00000000ad700000, 0x00000000ad800000|  0%| F|  |TAMS 0x00000000ad700000, 0x00000000ad700000| Untracked 
| 146|0x00000000ad800000, 0x00000000ad800000, 0x00000000ad900000|  0%| F|  |TAMS 0x00000000ad800000, 0x00000000ad800000| Untracked 
| 147|0x00000000ad900000, 0x00000000ad900000, 0x00000000ada00000|  0%| F|  |TAMS 0x00000000ad900000, 0x00000000ad900000| Untracked 
| 148|0x00000000ada00000, 0x00000000ada00000, 0x00000000adb00000|  0%| F|  |TAMS 0x00000000ada00000, 0x00000000ada00000| Untracked 
| 149|0x00000000adb00000, 0x00000000adb00000, 0x00000000adc00000|  0%| F|  |TAMS 0x00000000adb00000, 0x00000000adb00000| Untracked 
| 150|0x00000000adc00000, 0x00000000adc00000, 0x00000000add00000|  0%| F|  |TAMS 0x00000000adc00000, 0x00000000adc00000| Untracked 
| 151|0x00000000add00000, 0x00000000add00000, 0x00000000ade00000|  0%| F|  |TAMS 0x00000000add00000, 0x00000000add00000| Untracked 
| 152|0x00000000ade00000, 0x00000000ade00000, 0x00000000adf00000|  0%| F|  |TAMS 0x00000000ade00000, 0x00000000ade00000| Untracked 
| 153|0x00000000adf00000, 0x00000000adf00000, 0x00000000ae000000|  0%| F|  |TAMS 0x00000000adf00000, 0x00000000adf00000| Untracked 
| 154|0x00000000ae000000, 0x00000000ae000000, 0x00000000ae100000|  0%| F|  |TAMS 0x00000000ae000000, 0x00000000ae000000| Untracked 
| 155|0x00000000ae100000, 0x00000000ae100000, 0x00000000ae200000|  0%| F|  |TAMS 0x00000000ae100000, 0x00000000ae100000| Untracked 
| 156|0x00000000ae200000, 0x00000000ae200000, 0x00000000ae300000|  0%| F|  |TAMS 0x00000000ae200000, 0x00000000ae200000| Untracked 
| 157|0x00000000ae300000, 0x00000000ae300000, 0x00000000ae400000|  0%| F|  |TAMS 0x00000000ae300000, 0x00000000ae300000| Untracked 
| 158|0x00000000ae400000, 0x00000000ae400000, 0x00000000ae500000|  0%| F|  |TAMS 0x00000000ae400000, 0x00000000ae400000| Untracked 
| 159|0x00000000ae500000, 0x00000000ae500000, 0x00000000ae600000|  0%| F|  |TAMS 0x00000000ae500000, 0x00000000ae500000| Untracked 
| 160|0x00000000ae600000, 0x00000000ae600000, 0x00000000ae700000|  0%| F|  |TAMS 0x00000000ae600000, 0x00000000ae600000| Untracked 
| 161|0x00000000ae700000, 0x00000000ae700000, 0x00000000ae800000|  0%| F|  |TAMS 0x00000000ae700000, 0x00000000ae700000| Untracked 
| 162|0x00000000ae800000, 0x00000000ae800000, 0x00000000ae900000|  0%| F|  |TAMS 0x00000000ae800000, 0x00000000ae800000| Untracked 
| 163|0x00000000ae900000, 0x00000000ae900000, 0x00000000aea00000|  0%| F|  |TAMS 0x00000000ae900000, 0x00000000ae900000| Untracked 
| 164|0x00000000aea00000, 0x00000000aea00000, 0x00000000aeb00000|  0%| F|  |TAMS 0x00000000aea00000, 0x00000000aea00000| Untracked 
| 165|0x00000000aeb00000, 0x00000000aeb00000, 0x00000000aec00000|  0%| F|  |TAMS 0x00000000aeb00000, 0x00000000aeb00000| Untracked 
| 166|0x00000000aec00000, 0x00000000aecbae28, 0x00000000aed00000| 73%| E|  |TAMS 0x00000000aec00000, 0x00000000aec00000| Complete 

Card table byte_map: [0x00007f978d049000,0x00007f978d326000] _byte_map_base: 0x00007f978cb26000

Marking Bits (Prev, Next): (CMBitMap*) 0x00007f978805b7b0, (CMBitMap*) 0x00007f978805b778
 Prev Bits: [0x00007f9769230000, 0x00007f976a918000)
 Next Bits: [0x00007f976a918000, 0x00007f976c000000)

Polling page: 0x00007f9790939000

Metaspace:

Usage:
  Non-class:     53.53 MB capacity,    52.54 MB ( 98%) used,   812.77 KB (  1%) free+waste,   201.94 KB ( <1%) overhead. 
      Class:      8.57 MB capacity,     7.93 MB ( 93%) used,   557.06 KB (  6%) free+waste,    97.31 KB (  1%) overhead. 
       Both:     62.10 MB capacity,    60.47 MB ( 97%) used,     1.34 MB (  2%) free+waste,   299.25 KB ( <1%) overhead. 

Virtual space:
  Non-class space:       54.00 MB reserved,      53.83 MB (>99%) committed 
      Class space:        1.00 GB reserved,       8.62 MB ( <1%) committed 
             Both:        1.05 GB reserved,      62.45 MB (  6%) committed 

Chunk freelists:
   Non-Class:  7.50 KB
       Class:  0 bytes
        Both:  7.50 KB

CodeHeap 'non-profiled nmethods': size=238948Kb used=10383Kb max_used=10383Kb free=228564Kb
 bounds [0x00007f97712e9000, 0x00007f9771d19000, 0x00007f977fc42000]
CodeHeap 'non-nmethods': size=6812Kb used=1189Kb max_used=2316Kb free=5622Kb
 bounds [0x00007f9770c42000, 0x00007f9770eb2000, 0x00007f97712e9000]
 total_blobs=6716 nmethods=6106 adapters=503
 compilation: enabled
              stopped_count=0, restarted_count=0
 full_count=0

Compilation events (10 events):
Event: 15313.438 Thread 0x00007f9788142000 6120   !   1       org.apache.coyote.AbstractProtocol::startAsyncTimeout (104 bytes)
Event: 15313.442 Thread 0x00007f9788142000 nmethod 6120 0x00007f9771d0a110 code [0x00007f9771d0a340, 0x00007f9771d0a7b8]
Event: 15370.360 Thread 0x00007f9788142000 6121       1       org.apache.catalina.session.ManagerBase::processExpires (207 bytes)
Event: 15370.370 Thread 0x00007f9788142000 nmethod 6121 0x00007f9771d0aa10 code [0x00007f9771d0ad80, 0x00007f9771d0b968]
Event: 15370.370 Thread 0x00007f9788142000 6122       1       org.apache.catalina.session.ManagerBase::findSessions (22 bytes)
Event: 15370.371 Thread 0x00007f9788142000 nmethod 6122 0x00007f9771d0c110 code [0x00007f9771d0c2e0, 0x00007f9771d0c538]
Event: 15971.303 Thread 0x00007f9788142000 6123       1       java.lang.Thread::checkAccess (14 bytes)
Event: 15971.668 Thread 0x00007f9788142000 nmethod 6123 0x00007f9771d0c610 code [0x00007f9771d0c7c0, 0x00007f9771d0c928]
Event: 15971.679 Thread 0x00007f9788142000 6124       1       java.util.LinkedHashMap::<init> (12 bytes)
Event: 15971.679 Thread 0x00007f9788142000 nmethod 6124 0x00007f9771d0c990 code [0x00007f9771d0cb40, 0x00007f9771d0cc88]

GC Heap History (10 events):
Event: 8.160 GC heap before
{Heap before GC invocations=9 (full 0):
 garbage-first heap   total 137216K, used 88027K [0x00000000a4600000, 0x0000000100000000)
  region size 1024K, 80 young (81920K), 9 survivors (9216K)
 Metaspace       used 38117K, capacity 39091K, committed 39248K, reserved 1083392K
  class space    used 4702K, capacity 5087K, committed 5120K, reserved 1048576K
}
Event: 8.191 GC heap after
{Heap after GC invocations=10 (full 0):
 garbage-first heap   total 137216K, used 18797K [0x00000000a4600000, 0x0000000100000000)
  region size 1024K, 8 young (8192K), 8 survivors (8192K)
 Metaspace       used 38117K, capacity 39091K, committed 39248K, reserved 1083392K
  class space    used 4702K, capacity 5087K, committed 5120K, reserved 1048576K
}
Event: 9.293 GC heap before
{Heap before GC invocations=10 (full 0):
 garbage-first heap   total 137216K, used 92525K [0x00000000a4600000, 0x0000000100000000)
  region size 1024K, 80 young (81920K), 8 survivors (8192K)
 Metaspace       used 45395K, capacity 46570K, committed 46800K, reserved 1089536K
  class space    used 5789K, capacity 6235K, committed 6272K, reserved 1048576K
}
Event: 9.329 GC heap after
{Heap after GC invocations=11 (full 0):
 garbage-first heap   total 171008K, used 22204K [0x00000000a4600000, 0x0000000100000000)
  region size 1024K, 7 young (7168K), 7 survivors (7168K)
 Metaspace       used 45395K, capacity 46570K, committed 46800K, reserved 1089536K
  class space    used 5789K, capacity 6235K, committed 6272K, reserved 1048576K
}
Event: 11.667 GC heap before
{Heap before GC invocations=11 (full 0):
 garbage-first heap   total 171008K, used 114364K [0x00000000a4600000, 0x0000000100000000)
  region size 1024K, 98 young (100352K), 7 survivors (7168K)
 Metaspace       used 56391K, capacity 57888K, committed 58192K, reserved 1099776K
  class space    used 7242K, capacity 7815K, committed 7936K, reserved 1048576K
}
Event: 11.692 GC heap after
{Heap after GC invocations=12 (full 0):
 garbage-first heap   total 171008K, used 27648K [0x00000000a4600000, 0x0000000100000000)
  region size 1024K, 12 young (12288K), 12 survivors (12288K)
 Metaspace       used 56391K, capacity 57888K, committed 58192K, reserved 1099776K
  class space    used 7242K, capacity 7815K, committed 7936K, reserved 1048576K
}
Event: 12.742 GC heap before
{Heap before GC invocations=12 (full 0):
 garbage-first heap   total 171008K, used 86016K [0x00000000a4600000, 0x0000000100000000)
  region size 1024K, 70 young (71680K), 12 survivors (12288K)
 Metaspace       used 58317K, capacity 59839K, committed 59984K, reserved 1101824K
  class space    used 7528K, capacity 8117K, committed 8192K, reserved 1048576K
}
Event: 12.788 GC heap after
{Heap after GC invocations=13 (full 0):
 garbage-first heap   total 171008K, used 31794K [0x00000000a4600000, 0x0000000100000000)
  region size 1024K, 10 young (10240K), 10 survivors (10240K)
 Metaspace       used 58317K, capacity 59839K, committed 59984K, reserved 1101824K
  class space    used 7528K, capacity 8117K, committed 8192K, reserved 1048576K
}
Event: 15971.306 GC heap before
{Heap before GC invocations=14 (full 0):
 garbage-first heap   total 171008K, used 118834K [0x00000000a4600000, 0x0000000100000000)
  region size 1024K, 95 young (97280K), 10 survivors (10240K)
 Metaspace       used 61918K, capacity 63588K, committed 63952K, reserved 1103872K
  class space    used 8117K, capacity 8772K, committed 8832K, reserved 1048576K
}
Event: 15971.662 GC heap after
{Heap after GC invocations=15 (full 0):
 garbage-first heap   total 171008K, used 35761K [0x00000000a4600000, 0x0000000100000000)
  region size 1024K, 9 young (9216K), 9 survivors (9216K)
 Metaspace       used 61918K, capacity 63588K, committed 63952K, reserved 1103872K
  class space    used 8117K, capacity 8772K, committed 8832K, reserved 1048576K
}

Deoptimization events (0 events):
No events

Classes redefined (0 events):
No events

Internal exceptions (10 events):
Event: 13.324 Thread 0x00007f9788015000 Exception <a 'java/lang/ClassNotFoundException'{0x00000000ad360cb8}: org/springframework/boot/autoconfigure/web/embedded/EmbeddedWebServerFactoryCustomizerAutoConfigurationCustomizer> (0x00000000ad360cb8) thrown at [/scratch/opt/mach5/mesos/work_dir/slave
Event: 13.326 Thread 0x00007f9788015000 Exception <a 'java/lang/ClassNotFoundException'{0x00000000ad3700c0}: java/lang/ObjectCustomizer> (0x00000000ad3700c0) thrown at [/scratch/opt/mach5/mesos/work_dir/slaves/2dd962d0-8988-479b-a804-57ab764ada59-S1222/frameworks/1735e8a2-a1db-478c-8104-60c8b0a
Event: 13.326 Thread 0x00007f9788015000 Exception <a 'java/lang/ClassNotFoundException'{0x00000000ad387140}: org/springframework/web/multipart/support/StandardServletMultipartResolverCustomizer> (0x00000000ad387140) thrown at [/scratch/opt/mach5/mesos/work_dir/slaves/2dd962d0-8988-479b-a804-57a
Event: 13.327 Thread 0x00007f9788015000 Exception <a 'java/lang/ClassNotFoundException'{0x00000000ad39c180}: org/springframework/web/multipart/MultipartResolverCustomizer> (0x00000000ad39c180) thrown at [/scratch/opt/mach5/mesos/work_dir/slaves/2dd962d0-8988-479b-a804-57ab764ada59-S1222/framewo
Event: 13.401 Thread 0x00007f9788015000 Exception <a 'java/lang/IncompatibleClassChangeError'{0x00000000ace8e780}: Found class java.lang.Object, but interface was expected> (0x00000000ace8e780) thrown at [/scratch/opt/mach5/mesos/work_dir/slaves/2dd962d0-8988-479b-a804-57ab764ada59-S1222/framew
Event: 13.807 Thread 0x00007f9788015000 Exception <a 'java/lang/reflect/InvocationTargetException'{0x00000000aba6c8c8}> (0x00000000aba6c8c8) thrown at [/scratch/opt/mach5/mesos/work_dir/slaves/2dd962d0-8988-479b-a804-57ab764ada59-S1222/frameworks/1735e8a2-a1db-478c-8104-60c8b0af87dd-0196/execut
Event: 13.831 Thread 0x00007f9788015000 Exception <a 'java/lang/NoSuchMethodError'{0x00000000abaeff80}: java.lang.invoke.Invokers$Holder.linkToTargetMethod(Ljava/lang/Object;ILjava/lang/Object;)Ljava/lang/Object;> (0x00000000abaeff80) thrown at [/scratch/opt/mach5/mesos/work_dir/slaves/2dd962d0
Event: 13.840 Thread 0x00007f9788015000 Exception <a 'java/lang/IncompatibleClassChangeError'{0x00000000ab926980}: Found class java.lang.Object, but interface was expected> (0x00000000ab926980) thrown at [/scratch/opt/mach5/mesos/work_dir/slaves/2dd962d0-8988-479b-a804-57ab764ada59-S1222/framew
Event: 13.898 Thread 0x00007f9788015000 Exception <a 'java/lang/reflect/InvocationTargetException'{0x00000000ab714460}> (0x00000000ab714460) thrown at [/scratch/opt/mach5/mesos/work_dir/slaves/2dd962d0-8988-479b-a804-57ab764ada59-S1222/frameworks/1735e8a2-a1db-478c-8104-60c8b0af87dd-0196/execut
Event: 13.904 Thread 0x00007f9788015000 Exception <a 'java/lang/reflect/InvocationTargetException'{0x00000000ab7298c0}> (0x00000000ab7298c0) thrown at [/scratch/opt/mach5/mesos/work_dir/slaves/2dd962d0-8988-479b-a804-57ab764ada59-S1222/frameworks/1735e8a2-a1db-478c-8104-60c8b0af87dd-0196/execut

Events (10 events):
Event: 15971.675 Executing VM operation: RevokeBias done
Event: 15971.675 Executing VM operation: RevokeBias
Event: 15971.675 Executing VM operation: RevokeBias done
Event: 15971.675 Executing VM operation: RevokeBias
Event: 15971.675 Executing VM operation: RevokeBias done
Event: 15971.675 Executing VM operation: RevokeBias
Event: 15971.675 Executing VM operation: RevokeBias done
Event: 15971.676 Executing VM operation: BulkRevokeBias
Event: 15971.676 Executing VM operation: BulkRevokeBias done
Event: 15971.857 Executing VM operation: CGC_Operation


Dynamic libraries:
00400000-00401000 r-xp 00000000 08:03 2492673                            /usr/java/jdk-11.0.2/bin/java
00600000-00601000 r--p 00000000 08:03 2492673                            /usr/java/jdk-11.0.2/bin/java
00601000-00602000 rw-p 00001000 08:03 2492673                            /usr/java/jdk-11.0.2/bin/java
025f4000-02615000 rw-p 00000000 00:00 0                                  [heap]
a4600000-aed00000 rw-p 00000000 00:00 0 
aed00000-100000000 ---p 00000000 00:00 0 
100000000-1008a0000 rw-p 00000000 00:00 0 
1008a0000-140000000 ---p 00000000 00:00 0 
7f96dc000000-7f96dc021000 rw-p 00000000 00:00 0 
7f96dc021000-7f96e0000000 ---p 00000000 00:00 0 
7f96e4000000-7f96e4021000 rw-p 00000000 00:00 0 
7f96e4021000-7f96e8000000 ---p 00000000 00:00 0 
7f96e8000000-7f96e8021000 rw-p 00000000 00:00 0 
7f96e8021000-7f96ec000000 ---p 00000000 00:00 0 
7f96ec000000-7f96ec021000 rw-p 00000000 00:00 0 
7f96ec021000-7f96f0000000 ---p 00000000 00:00 0 
7f96f0000000-7f96f0021000 rw-p 00000000 00:00 0 
7f96f0021000-7f96f4000000 ---p 00000000 00:00 0 
7f96f4000000-7f96f4021000 rw-p 00000000 00:00 0 
7f96f4021000-7f96f8000000 ---p 00000000 00:00 0 
7f96f8000000-7f96f8021000 rw-p 00000000 00:00 0 
7f96f8021000-7f96fc000000 ---p 00000000 00:00 0 
7f96fc000000-7f96fc021000 rw-p 00000000 00:00 0 
7f96fc021000-7f9700000000 ---p 00000000 00:00 0 
7f9700000000-7f9700436000 rw-p 00000000 00:00 0 
7f9700436000-7f9704000000 ---p 00000000 00:00 0 
7f9704000000-7f9704034000 rw-p 00000000 00:00 0 
7f9704034000-7f9708000000 ---p 00000000 00:00 0 
7f9708000000-7f970808f000 rw-p 00000000 00:00 0 
7f970808f000-7f970c000000 ---p 00000000 00:00 0 
7f970c000000-7f970c488000 rw-p 00000000 00:00 0 
7f970c488000-7f9710000000 ---p 00000000 00:00 0 
7f9710000000-7f9710021000 rw-p 00000000 00:00 0 
7f9710021000-7f9714000000 ---p 00000000 00:00 0 
7f9714000000-7f971410c000 rw-p 00000000 00:00 0 
7f971410c000-7f9718000000 ---p 00000000 00:00 0 
7f9718000000-7f9718021000 rw-p 00000000 00:00 0 
7f9718021000-7f971c000000 ---p 00000000 00:00 0 
7f971c000000-7f971c021000 rw-p 00000000 00:00 0 
7f971c021000-7f9720000000 ---p 00000000 00:00 0 
7f9720000000-7f9720021000 rw-p 00000000 00:00 0 
7f9720021000-7f9724000000 ---p 00000000 00:00 0 
7f9724000000-7f9724237000 rw-p 00000000 00:00 0 
7f9724237000-7f9728000000 ---p 00000000 00:00 0 
7f9728000000-7f9728021000 rw-p 00000000 00:00 0 
7f9728021000-7f972c000000 ---p 00000000 00:00 0 
7f972c000000-7f972c49e000 rw-p 00000000 00:00 0 
7f972c49e000-7f9730000000 ---p 00000000 00:00 0 
7f9730000000-7f9730021000 rw-p 00000000 00:00 0 
7f9730021000-7f9734000000 ---p 00000000 00:00 0 
7f9734000000-7f9734021000 rw-p 00000000 00:00 0 
7f9734021000-7f9738000000 ---p 00000000 00:00 0 
7f973833c000-7f97388bd000 rw-p 00000000 00:00 0 
7f97388bd000-7f97388c1000 ---p 00000000 00:00 0 
7f97388c1000-7f97389be000 rw-p 00000000 00:00 0 
7f97389be000-7f97389c2000 ---p 00000000 00:00 0 
7f97389c2000-7f9738abf000 rw-p 00000000 00:00 0 
7f9738abf000-7f9738ac3000 ---p 00000000 00:00 0 
7f9738ac3000-7f9738bc0000 rw-p 00000000 00:00 0 
7f9738bc0000-7f9738bc4000 ---p 00000000 00:00 0 
7f9738bc4000-7f9738cc1000 rw-p 00000000 00:00 0 
7f9738cc1000-7f9738cc5000 ---p 00000000 00:00 0 
7f9738cc5000-7f9738dc2000 rw-p 00000000 00:00 0 
7f9738dc2000-7f9738dc6000 ---p 00000000 00:00 0 
7f9738dc6000-7f9738ec3000 rw-p 00000000 00:00 0 
7f9738ec3000-7f9738ec7000 ---p 00000000 00:00 0 
7f9738ec7000-7f9738fc4000 rw-p 00000000 00:00 0 
7f9738fc4000-7f9738fc8000 ---p 00000000 00:00 0 
7f9738fc8000-7f97390c5000 rw-p 00000000 00:00 0 
7f97390c5000-7f97390c9000 ---p 00000000 00:00 0 
7f97390c9000-7f97391c6000 rw-p 00000000 00:00 0 
7f97391c6000-7f97391ca000 ---p 00000000 00:00 0 
7f97391ca000-7f97392c7000 rw-p 00000000 00:00 0 
7f97392c7000-7f97392cb000 ---p 00000000 00:00 0 
7f97392cb000-7f97393c8000 rw-p 00000000 00:00 0 
7f97393c8000-7f97393cc000 ---p 00000000 00:00 0 
7f97393cc000-7f97394c9000 rw-p 00000000 00:00 0 
7f97394c9000-7f97394cd000 ---p 00000000 00:00 0 
7f97394cd000-7f97397ca000 rw-p 00000000 00:00 0 
7f97397ca000-7f97399ca000 rw-p 00000000 00:00 0 
7f97399ca000-7f97399ce000 ---p 00000000 00:00 0 
7f97399ce000-7f9739ccb000 rw-p 00000000 00:00 0 
7f9739ccb000-7f9739ecb000 rw-p 00000000 00:00 0 
7f9739ecb000-7f973a0cb000 rw-p 00000000 00:00 0 
7f973a0cb000-7f973a0cf000 ---p 00000000 00:00 0 
7f973a0cf000-7f973a1cc000 rw-p 00000000 00:00 0 
7f973a1cc000-7f973a1d0000 ---p 00000000 00:00 0 
7f973a1d0000-7f973a4cd000 rw-p 00000000 00:00 0 
7f973a4cd000-7f973a4cf000 r-xp 00000000 08:03 2624063                    /usr/java/jdk-11.0.2/lib/libextnet.so
7f973a4cf000-7f973a6ce000 ---p 00002000 08:03 2624063                    /usr/java/jdk-11.0.2/lib/libextnet.so
7f973a6ce000-7f973a6cf000 r--p 00001000 08:03 2624063                    /usr/java/jdk-11.0.2/lib/libextnet.so
7f973a6cf000-7f973a6d0000 rw-p 00002000 08:03 2624063                    /usr/java/jdk-11.0.2/lib/libextnet.so
7f973a6d0000-7f973a8d0000 rw-p 00000000 00:00 0 
7f973a8d0000-7f973aad0000 rw-p 00000000 00:00 0 
7f973aad0000-7f9748000000 r--p 00000000 08:03 2363112                    /usr/lib/locale/locale-archive
7f9748000000-7f9748021000 rw-p 00000000 00:00 0 
7f9748021000-7f974c000000 ---p 00000000 00:00 0 
7f974c000000-7f974c021000 rw-p 00000000 00:00 0 
7f974c021000-7f9750000000 ---p 00000000 00:00 0 
7f9750000000-7f9750021000 rw-p 00000000 00:00 0 
7f9750021000-7f9754000000 ---p 00000000 00:00 0 
7f9754000000-7f9754179000 rw-p 00000000 00:00 0 
7f9754179000-7f9758000000 ---p 00000000 00:00 0 
7f9758000000-7f9758021000 rw-p 00000000 00:00 0 
7f9758021000-7f975c000000 ---p 00000000 00:00 0 
7f975c000000-7f975c027000 rw-p 00000000 00:00 0 
7f975c027000-7f9760000000 ---p 00000000 00:00 0 
7f97600f2000-7f97600f6000 ---p 00000000 00:00 0 
7f97600f6000-7f97601f3000 rw-p 00000000 00:00 0 
7f97601f3000-7f97601f7000 ---p 00000000 00:00 0 
7f97601f7000-7f97604f4000 rw-p 00000000 00:00 0 
7f97604f4000-7f97604f8000 ---p 00000000 00:00 0 
7f97604f8000-7f97607f5000 rw-p 00000000 00:00 0 
7f97607f5000-7f97609dd000 rw-p 00000000 00:00 0 
7f97609dd000-7f97609f5000 ---p 00000000 00:00 0 
7f97609f5000-7f9760bf5000 rw-p 00000000 00:00 0 
7f9760bf5000-7f9760df5000 rw-p 00000000 00:00 0 
7f9760df5000-7f9760ff5000 rw-p 00000000 00:00 0 
7f9760ff5000-7f97611f5000 rw-p 00000000 00:00 0 
7f97611f5000-7f97613f5000 rw-p 00000000 00:00 0 
7f97613f5000-7f97615e1000 rw-p 00000000 00:00 0 
7f97615e1000-7f97615f5000 ---p 00000000 00:00 0 
7f97615f5000-7f97617f5000 rw-p 00000000 00:00 0 
7f97617f5000-7f97619f5000 rw-p 00000000 00:00 0 
7f97619f5000-7f97619fa000 r-xp 00000000 08:03 2624080                    /usr/java/jdk-11.0.2/lib/libmanagement_ext.so
7f97619fa000-7f9761bf9000 ---p 00005000 08:03 2624080                    /usr/java/jdk-11.0.2/lib/libmanagement_ext.so
7f9761bf9000-7f9761bfa000 r--p 00004000 08:03 2624080                    /usr/java/jdk-11.0.2/lib/libmanagement_ext.so
7f9761bfa000-7f9761bfb000 rw-p 00005000 08:03 2624080                    /usr/java/jdk-11.0.2/lib/libmanagement_ext.so
7f9761bfb000-7f9761bff000 r-xp 00000000 08:03 2624078                    /usr/java/jdk-11.0.2/lib/libmanagement.so
7f9761bff000-7f9761dfe000 ---p 00004000 08:03 2624078                    /usr/java/jdk-11.0.2/lib/libmanagement.so
7f9761dfe000-7f9761dff000 r--p 00003000 08:03 2624078                    /usr/java/jdk-11.0.2/lib/libmanagement.so
7f9761dff000-7f9761e00000 rw-p 00004000 08:03 2624078                    /usr/java/jdk-11.0.2/lib/libmanagement.so
7f9761e00000-7f9764000000 rw-p 00000000 00:00 0 
7f9764000000-7f9764021000 rw-p 00000000 00:00 0 
7f9764021000-7f9768000000 ---p 00000000 00:00 0 
7f97680fa000-7f97680fe000 ---p 00000000 00:00 0 
7f97680fe000-7f97683fb000 rw-p 00000000 00:00 0 
7f97683fb000-7f97683fc000 ---p 00000000 00:00 0 
7f97683fc000-7f97684fd000 rw-p 00000000 00:00 0 
7f97684fd000-7f97684fe000 ---p 00000000 00:00 0 
7f97684fe000-7f97685ff000 rw-p 00000000 00:00 0 
7f97685ff000-7f9768603000 ---p 00000000 00:00 0 
7f9768603000-7f9768900000 rw-p 00000000 00:00 0 
7f9768900000-7f9768901000 ---p 00000000 00:00 0 
7f9768901000-7f9768a02000 rw-p 00000000 00:00 0 
7f9768a02000-7f9768a06000 ---p 00000000 00:00 0 
7f9768a06000-7f9768b03000 rw-p 00000000 00:00 0 
7f9768b03000-7f9768b19000 r-xp 00000000 08:03 2624082                    /usr/java/jdk-11.0.2/lib/libnet.so
7f9768b19000-7f9768d19000 ---p 00016000 08:03 2624082                    /usr/java/jdk-11.0.2/lib/libnet.so
7f9768d19000-7f9768d1a000 r--p 00016000 08:03 2624082                    /usr/java/jdk-11.0.2/lib/libnet.so
7f9768d1a000-7f9768d1b000 rw-p 00017000 08:03 2624082                    /usr/java/jdk-11.0.2/lib/libnet.so
7f9768d1b000-7f9768d2b000 r-xp 00000000 08:03 2624083                    /usr/java/jdk-11.0.2/lib/libnio.so
7f9768d2b000-7f9768f2a000 ---p 00010000 08:03 2624083                    /usr/java/jdk-11.0.2/lib/libnio.so
7f9768f2a000-7f9768f2b000 r--p 0000f000 08:03 2624083                    /usr/java/jdk-11.0.2/lib/libnio.so
7f9768f2b000-7f9768f2c000 rw-p 00010000 08:03 2624083                    /usr/java/jdk-11.0.2/lib/libnio.so
7f9768f2c000-7f9768f30000 ---p 00000000 00:00 0 
7f9768f30000-7f976902d000 rw-p 00000000 00:00 0 
7f976902d000-7f976902e000 ---p 00000000 00:00 0 
7f976902e000-7f976912f000 rw-p 00000000 00:00 0 
7f976912f000-7f9769133000 ---p 00000000 00:00 0 
7f9769133000-7f97694cc000 rw-p 00000000 00:00 0 
7f97694cc000-7f976a918000 ---p 00000000 00:00 0 
7f976a918000-7f976abb4000 rw-p 00000000 00:00 0 
7f976abb4000-7f976c000000 ---p 00000000 00:00 0 
7f976c000000-7f976c021000 rw-p 00000000 00:00 0 
7f976c021000-7f9770000000 ---p 00000000 00:00 0 
7f977003e000-7f9770042000 ---p 00000000 00:00 0 
7f9770042000-7f977013f000 rw-p 00000000 00:00 0 
7f977013f000-7f9770143000 ---p 00000000 00:00 0 
7f9770143000-7f9770240000 rw-p 00000000 00:00 0 
7f9770240000-7f9770244000 ---p 00000000 00:00 0 
7f9770244000-7f9770341000 rw-p 00000000 00:00 0 
7f9770341000-7f9770345000 ---p 00000000 00:00 0 
7f9770345000-7f9770c42000 rw-p 00000000 00:00 0 
7f9770c42000-7f9770eb2000 rwxp 00000000 00:00 0 
7f9770eb2000-7f97712e9000 ---p 00000000 00:00 0 
7f97712e9000-7f9771d19000 rwxp 00000000 00:00 0 
7f9771d19000-7f977fc42000 ---p 00000000 00:00 0 
7f977fc42000-7f9788000000 r--s 00000000 08:03 2624093                    /usr/java/jdk-11.0.2/lib/modules
7f9788000000-7f97894f3000 rw-p 00000000 00:00 0 
7f97894f3000-7f978c000000 ---p 00000000 00:00 0 
7f978c085000-7f978c088000 r--p 00000000 08:03 2363197                    /usr/lib64/libnss_files-2.32.so
7f978c088000-7f978c08f000 r-xp 00003000 08:03 2363197                    /usr/lib64/libnss_files-2.32.so
7f978c08f000-7f978c091000 r--p 0000a000 08:03 2363197                    /usr/lib64/libnss_files-2.32.so
7f978c091000-7f978c092000 r--p 0000b000 08:03 2363197                    /usr/lib64/libnss_files-2.32.so
7f978c092000-7f978c099000 rw-p 00000000 00:00 0 
7f978c0b4000-7f978c0e5000 rw-p 00000000 00:00 0 
7f978c0e5000-7f978c0e9000 ---p 00000000 00:00 0 
7f978c0e9000-7f978c1e6000 rw-p 00000000 00:00 0 
7f978c1e6000-7f978c1ea000 ---p 00000000 00:00 0 
7f978c1ea000-7f978c2e7000 rw-p 00000000 00:00 0 
7f978c2e7000-7f978c2e8000 ---p 00000000 00:00 0 
7f978c2e8000-7f978c52f000 rw-p 00000000 00:00 0 
7f978c52f000-7f978c530000 ---p 00000000 00:00 0 
7f978c530000-7f978c631000 rw-p 00000000 00:00 0 
7f978c631000-7f978c632000 ---p 00000000 00:00 0 
7f978c632000-7f978cb37000 rw-p 00000000 00:00 0 
7f978cb37000-7f978cb38000 ---p 00000000 00:00 0 
7f978cb38000-7f978cc39000 rw-p 00000000 00:00 0 
7f978cc39000-7f978cc3a000 ---p 00000000 00:00 0 
7f978cc3a000-7f978cdc0000 rw-p 00000000 00:00 0 
7f978cdc0000-7f978d049000 ---p 00000000 00:00 0 
7f978d049000-7f978d09d000 rw-p 00000000 00:00 0 
7f978d09d000-7f978d326000 ---p 00000000 00:00 0 
7f978d326000-7f978d37a000 rw-p 00000000 00:00 0 
7f978d37a000-7f978d603000 ---p 00000000 00:00 0 
7f978d603000-7f978da07000 rw-p 00000000 00:00 0 
7f978da07000-7f978da08000 ---p 00000000 00:00 0 
7f978da08000-7f978db1e000 rw-p 00000000 00:00 0 
7f978db1e000-7f978dcdc000 ---p 00000000 00:00 0 
7f978dcdc000-7f978dce1000 rw-p 00000000 00:00 0 
7f978dce1000-7f978dcea000 ---p 00000000 00:00 0 
7f978dcea000-7f978dd05000 r-xp 00000000 08:03 2624074                    /usr/java/jdk-11.0.2/lib/libjimage.so
7f978dd05000-7f978df04000 ---p 0001b000 08:03 2624074                    /usr/java/jdk-11.0.2/lib/libjimage.so
7f978df04000-7f978df06000 r--p 0001a000 08:03 2624074                    /usr/java/jdk-11.0.2/lib/libjimage.so
7f978df06000-7f978df07000 rw-p 0001c000 08:03 2624074                    /usr/java/jdk-11.0.2/lib/libjimage.so
7f978df07000-7f978df0e000 r-xp 00000000 08:03 2624092                    /usr/java/jdk-11.0.2/lib/libzip.so
7f978df0e000-7f978e10d000 ---p 00007000 08:03 2624092                    /usr/java/jdk-11.0.2/lib/libzip.so
7f978e10d000-7f978e10e000 r--p 00006000 08:03 2624092                    /usr/java/jdk-11.0.2/lib/libzip.so
7f978e10e000-7f978e10f000 rw-p 00007000 08:03 2624092                    /usr/java/jdk-11.0.2/lib/libzip.so
7f978e10f000-7f978e9e3000 r--s 00000000 08:03 2890405                    /var/lib/sss/mc/passwd
7f978e9e3000-7f978ea0c000 r-xp 00000000 08:03 2624070                    /usr/java/jdk-11.0.2/lib/libjava.so
7f978ea0c000-7f978ec0c000 ---p 00029000 08:03 2624070                    /usr/java/jdk-11.0.2/lib/libjava.so
7f978ec0c000-7f978ec0d000 r--p 00029000 08:03 2624070                    /usr/java/jdk-11.0.2/lib/libjava.so
7f978ec0d000-7f978ec0f000 rw-p 0002a000 08:03 2624070                    /usr/java/jdk-11.0.2/lib/libjava.so
7f978ec0f000-7f978ec1c000 r-xp 00000000 08:03 2624091                    /usr/java/jdk-11.0.2/lib/libverify.so
7f978ec1c000-7f978ee1b000 ---p 0000d000 08:03 2624091                    /usr/java/jdk-11.0.2/lib/libverify.so
7f978ee1b000-7f978ee1d000 r--p 0000c000 08:03 2624091                    /usr/java/jdk-11.0.2/lib/libverify.so
7f978ee1d000-7f978ee1e000 rw-p 0000e000 08:03 2624091                    /usr/java/jdk-11.0.2/lib/libverify.so
7f978ee1e000-7f978ee21000 r--p 00000000 08:03 2363223                    /usr/lib64/librt-2.32.so
7f978ee21000-7f978ee25000 r-xp 00003000 08:03 2363223                    /usr/lib64/librt-2.32.so
7f978ee25000-7f978ee27000 r--p 00007000 08:03 2363223                    /usr/lib64/librt-2.32.so
7f978ee27000-7f978ee28000 r--p 00008000 08:03 2363223                    /usr/lib64/librt-2.32.so
7f978ee28000-7f978ee29000 rw-p 00009000 08:03 2363223                    /usr/lib64/librt-2.32.so
7f978ee29000-7f978ee2d000 ---p 00000000 00:00 0 
7f978ee2d000-7f978ef2a000 rw-p 00000000 00:00 0 
7f978ef2a000-7f978ef39000 r--p 00000000 08:03 2363147                    /usr/lib64/libm-2.32.so
7f978ef39000-7f978efd5000 r-xp 0000f000 08:03 2363147                    /usr/lib64/libm-2.32.so
7f978efd5000-7f978f06e000 r--p 000ab000 08:03 2363147                    /usr/lib64/libm-2.32.so
7f978f06e000-7f978f06f000 r--p 00143000 08:03 2363147                    /usr/lib64/libm-2.32.so
7f978f06f000-7f978f070000 rw-p 00144000 08:03 2363147                    /usr/lib64/libm-2.32.so
7f978f070000-7f97901af000 r-xp 00000000 08:03 3019290                    /usr/java/jdk-11.0.2/lib/server/libjvm.so
7f97901af000-7f97903af000 ---p 0113f000 08:03 3019290                    /usr/java/jdk-11.0.2/lib/server/libjvm.so
7f97903af000-7f979046e000 r--p 0113f000 08:03 3019290                    /usr/java/jdk-11.0.2/lib/server/libjvm.so
7f979046e000-7f97904a7000 rw-p 011fe000 08:03 3019290                    /usr/java/jdk-11.0.2/lib/server/libjvm.so
7f97904a7000-7f97904ff000 rw-p 00000000 00:00 0 
7f97904ff000-7f9790525000 r--p 00000000 08:03 2360891                    /usr/lib64/libc-2.32.so
7f9790525000-7f9790674000 r-xp 00026000 08:03 2360891                    /usr/lib64/libc-2.32.so
7f9790674000-7f97906bf000 r--p 00175000 08:03 2360891                    /usr/lib64/libc-2.32.so
7f97906bf000-7f97906c0000 ---p 001c0000 08:03 2360891                    /usr/lib64/libc-2.32.so
7f97906c0000-7f97906c3000 r--p 001c0000 08:03 2360891                    /usr/lib64/libc-2.32.so
7f97906c3000-7f97906c6000 rw-p 001c3000 08:03 2360891                    /usr/lib64/libc-2.32.so
7f97906c6000-7f97906ca000 rw-p 00000000 00:00 0 
7f97906ca000-7f97906cc000 r--p 00000000 08:03 2363145                    /usr/lib64/libdl-2.32.so
7f97906cc000-7f97906ce000 r-xp 00002000 08:03 2363145                    /usr/lib64/libdl-2.32.so
7f97906ce000-7f97906cf000 r--p 00004000 08:03 2363145                    /usr/lib64/libdl-2.32.so
7f97906cf000-7f97906d0000 r--p 00004000 08:03 2363145                    /usr/lib64/libdl-2.32.so
7f97906d0000-7f97906d1000 rw-p 00000000 00:00 0 
7f97906d1000-7f97906e1000 r-xp 00000000 08:03 2755770                    /usr/java/jdk-11.0.2/lib/jli/libjli.so
7f97906e1000-7f97908e0000 ---p 00010000 08:03 2755770                    /usr/java/jdk-11.0.2/lib/jli/libjli.so
7f97908e0000-7f97908e1000 r--p 0000f000 08:03 2755770                    /usr/java/jdk-11.0.2/lib/jli/libjli.so
7f97908e1000-7f97908e2000 rw-p 00010000 08:03 2755770                    /usr/java/jdk-11.0.2/lib/jli/libjli.so
7f97908e2000-7f97908e9000 r--p 00000000 08:03 2363206                    /usr/lib64/libpthread-2.32.so
7f97908e9000-7f97908f9000 r-xp 00007000 08:03 2363206                    /usr/lib64/libpthread-2.32.so
7f97908f9000-7f97908fe000 r--p 00017000 08:03 2363206                    /usr/lib64/libpthread-2.32.so
7f97908fe000-7f97908ff000 r--p 0001b000 08:03 2363206                    /usr/lib64/libpthread-2.32.so
7f97908ff000-7f9790900000 rw-p 0001c000 08:03 2363206                    /usr/lib64/libpthread-2.32.so
7f9790900000-7f9790904000 rw-p 00000000 00:00 0 
7f9790904000-7f9790907000 r--p 00000000 08:03 2364194                    /usr/lib64/libz.so.1.2.11
7f9790907000-7f9790915000 r-xp 00003000 08:03 2364194                    /usr/lib64/libz.so.1.2.11
7f9790915000-7f979091b000 r--p 00011000 08:03 2364194                    /usr/lib64/libz.so.1.2.11
7f979091b000-7f979091c000 ---p 00017000 08:03 2364194                    /usr/lib64/libz.so.1.2.11
7f979091c000-7f979091d000 r--p 00017000 08:03 2364194                    /usr/lib64/libz.so.1.2.11
7f979091d000-7f9790920000 rw-p 00000000 00:00 0 
7f9790924000-7f979092c000 rw-s 00000000 00:23 143                        /tmp/hsperfdata_kdolezal/4037
7f979092c000-7f979092e000 r--p 00000000 08:03 2401634                    /usr/lib64/libnss_sss.so.2
7f979092e000-7f9790935000 r-xp 00002000 08:03 2401634                    /usr/lib64/libnss_sss.so.2
7f9790935000-7f9790937000 r--p 00009000 08:03 2401634                    /usr/lib64/libnss_sss.so.2
7f9790937000-7f9790938000 r--p 0000a000 08:03 2401634                    /usr/lib64/libnss_sss.so.2
7f9790938000-7f9790939000 rw-p 0000b000 08:03 2401634                    /usr/lib64/libnss_sss.so.2
7f9790939000-7f979093a000 ---p 00000000 00:00 0 
7f979093a000-7f979093b000 r--p 00000000 00:00 0 
7f979093b000-7f979093c000 r--p 00000000 08:03 2363138                    /usr/lib64/ld-2.32.so
7f979093c000-7f979095d000 r-xp 00001000 08:03 2363138                    /usr/lib64/ld-2.32.so
7f979095d000-7f9790966000 r--p 00022000 08:03 2363138                    /usr/lib64/ld-2.32.so
7f9790966000-7f9790967000 r--p 0002a000 08:03 2363138                    /usr/lib64/ld-2.32.so
7f9790967000-7f9790969000 rw-p 0002b000 08:03 2363138                    /usr/lib64/ld-2.32.so
7ffebb7ac000-7ffebb7d2000 rw-p 00000000 00:00 0                          [stack]
7ffebb7ee000-7ffebb7f2000 r--p 00000000 00:00 0                          [vvar]
7ffebb7f2000-7ffebb7f4000 r-xp 00000000 00:00 0                          [vdso]
ffffffffff600000-ffffffffff601000 r-xp 00000000 00:00 0                  [vsyscall]


VM Arguments:
jvm_args: -Xverify:none -XX:TieredStopAtLevel=1 -Dfile.encoding=UTF-8 -Duser.country=US -Duser.language=en -Duser.variant 
java_command: io.github.kyledolezal.touttracker.ToutTrackerApplicationKt
java_class_path (initial): /home/kdolezal/dev/tout-tracker/build/classes/java/main:/home/kdolezal/dev/tout-tracker/build/classes/kotlin/main:/home/kdolezal/dev/tout-tracker/build/resources/main:/home/kdolezal/.gradle/caches/modules-2/files-2.1/org.springframework.boot/spring-boot-starter-data-jpa/2.3.2.RELEASE/bff2a17cb69019d2aeca4bd06c7854092d5e903d/spring-boot-starter-data-jpa-2.3.2.RELEASE.jar:/home/kdolezal/.gradle/caches/modules-2/files-2.1/org.springframework.boot/spring-boot-starter-data-rest/2.3.2.RELEASE/782cb66b292849107bb4dfa4624b0358412f4038/spring-boot-starter-data-rest-2.3.2.RELEASE.jar:/home/kdolezal/.gradle/caches/modules-2/files-2.1/org.springframework.boot/spring-boot-starter-security/2.3.2.RELEASE/608e2063242963a42dbd36c7f7b6d127caf2fab0/spring-boot-starter-security-2.3.2.RELEASE.jar:/home/kdolezal/.gradle/caches/modules-2/files-2.1/org.springframework.boot/spring-boot-starter-web/2.3.2.RELEASE/85f79121fdaabcbcac085d0d4aad34af9f8dbba2/spring-boot-starter-web-2.3.2.RELEASE.jar:/home/kdolezal/.gradle/caches/modules-2/files-2.1/com.fasterxml.jackson.module/jackson-module-kotlin/2.11.1/3e427205246f26dac2d2f2c9ba763cbeb7b919b3/jackson-module-kotlin-2.11.1.jar:/home/kdolezal/.gradle/caches/modules-2/files-2.1/org.jetbrains.kotlin/kotlin-reflect/1.3.72/86613e1a669a701b0c660bfd2af4f82a7ae11fca/kotlin-reflect-1.3.72.jar:/home/kdolezal/.gradle/caches/modules-2/files-2.1/org.jetbrains.kotlin/kotlin-stdlib-jdk8/1.3.72/916d54b9eb6442b615e6f1488978f551c0674720/kotlin-stdlib-jdk8-1.3.72.jar:/home/kdolezal/.gradle/caches/modules-2/files-2.1/org.springframework.boot/spring-boot-starter-validation/2.3.2.RELEASE/5347d379d33e34f1a13670a965d114712bd0cf4d/spring-boot-starter-validation-2.3.2.RELEASE.jar:/home/kdolezal/.gradle/caches/modules-2/files-2.1/org.hibernate.validator/hibernate-validator/6.1.5.Final/e5539b4b05c1520a9b4c0a120fd6e4984a8d5dc8/hibernate-validator-6.1.5.Final.jar:/home/kdolezal/.gradle/caches/modules-2/files-2.1/jakarta.validation/jakarta.validati
Launcher Type: SUN_STANDARD

[Global flags]
     bool BytecodeVerificationLocal                = false                                     {product} {command line}
     bool BytecodeVerificationRemote               = false                                     {product} {command line}
     intx CICompilerCount                          = 3                                         {product} {ergonomic}
     uint ConcGCThreads                            = 1                                         {product} {ergonomic}
     uint G1ConcRefinementThreads                  = 4                                         {product} {ergonomic}
   size_t G1HeapRegionSize                         = 1048576                                   {product} {ergonomic}
    uintx GCDrainStackTargetSize                   = 64                                        {product} {ergonomic}
   size_t InitialHeapSize                          = 96468992                                  {product} {ergonomic}
   size_t MarkStackSize                            = 4194304                                   {product} {ergonomic}
   size_t MaxHeapSize                              = 1537212416                                {product} {ergonomic}
   size_t MaxNewSize                               = 921698304                                 {product} {ergonomic}
   size_t MinHeapDeltaBytes                        = 1048576                                   {product} {ergonomic}
    uintx NonNMethodCodeHeapSize                   = 6973028                                {pd product} {ergonomic}
    uintx NonProfiledCodeHeapSize                  = 244685212                              {pd product} {ergonomic}
    uintx ProfiledCodeHeapSize                     = 0                                      {pd product} {ergonomic}
    uintx ReservedCodeCacheSize                    = 251658240                              {pd product} {ergonomic}
     bool SegmentedCodeCache                       = true                                      {product} {ergonomic}
     intx TieredStopAtLevel                        = 1                                         {product} {command line}
     bool UseCompressedClassPointers               = true                                 {lp64_product} {ergonomic}
     bool UseCompressedOops                        = true                                 {lp64_product} {ergonomic}
     bool UseG1GC                                  = true                                      {product} {ergonomic}

Logging:
Log output configuration:
 #0: stdout all=warning uptime,level,tags
 #1: stderr all=off uptime,level,tags

Environment Variables:
PATH=/home/kdolezal/.rbenv/plugins/ruby-build/bin:/home/kdolezal/.rbenv/shims:/home/kdolezal/.rbenv/bin:/home/kdolezal/.rbenv/plugins/ruby-build/bin:/home/kdolezal/.rbenv/shims:/home/kdolezal/.rbenv/bin:/usr/share/Modules/bin:/usr/lib64/ccache:/usr/local/bin:/usr/local/sbin:/usr/bin:/usr/sbin:/var/lib/snapd/snap/bin:/home/kdolezal/.local/bin:/home/kdolezal/bin
USERNAME=kdolezal
SHELL=/bin/bash
DISPLAY=:0

Signal Handlers:
SIGSEGV: [libjvm.so+0xe2adf0], sa_mask[0]=11111111011111111101111111111110, sa_flags=SA_RESTART|SA_SIGINFO
SIGBUS: [libjvm.so+0xe2adf0], sa_mask[0]=11111111011111111101111111111110, sa_flags=SA_RESTART|SA_SIGINFO
SIGFPE: [libjvm.so+0xe2adf0], sa_mask[0]=11111111011111111101111111111110, sa_flags=SA_RESTART|SA_SIGINFO
SIGPIPE: [libjvm.so+0xbff5b0], sa_mask[0]=11111111011111111101111111111110, sa_flags=SA_RESTART|SA_SIGINFO
SIGXFSZ: [libjvm.so+0xbff5b0], sa_mask[0]=11111111011111111101111111111110, sa_flags=SA_RESTART|SA_SIGINFO
SIGILL: [libjvm.so+0xe2adf0], sa_mask[0]=11111111011111111101111111111110, sa_flags=SA_RESTART|SA_SIGINFO
SIGUSR2: [libjvm.so+0xbff450], sa_mask[0]=00100000000000000000000000000000, sa_flags=SA_RESTART|SA_SIGINFO
SIGHUP: [libjvm.so+0xbff7b0], sa_mask[0]=11111111011111111101111111111110, sa_flags=SA_RESTART|SA_SIGINFO
SIGINT: [libjvm.so+0xbff7b0], sa_mask[0]=11111111011111111101111111111110, sa_flags=SA_RESTART|SA_SIGINFO
SIGTERM: [libjvm.so+0xbff7b0], sa_mask[0]=11111111011111111101111111111110, sa_flags=SA_RESTART|SA_SIGINFO
SIGQUIT: [libjvm.so+0xbff7b0], sa_mask[0]=11111111011111111101111111111110, sa_flags=SA_RESTART|SA_SIGINFO


---------------  S Y S T E M  ---------------

OS:Fedora release 33 (Thirty Three)
uname:Linux 5.10.7-200.fc33.x86_64 #1 SMP Tue Jan 12 20:20:11 UTC 2021 x86_64
libc:glibc 2.32 NPTL 2.32 
rlimit: STACK 8192k, CORE infinity, NPROC 23286, NOFILE 524288, AS infinity, DATA infinity, FSIZE infinity
load average:2.26 14.25 10.81

/proc/meminfo:
MemTotal:        6001192 kB
MemFree:          238000 kB
MemAvailable:     436076 kB
Buffers:           19136 kB
Cached:           689472 kB
SwapCached:        43368 kB
Active:          1817368 kB
Inactive:        2387212 kB
Active(anon):    1594928 kB
Inactive(anon):  2234496 kB
Active(file):     222440 kB
Inactive(file):   152716 kB
Unevictable:       11532 kB
Mlocked:            5756 kB
SwapTotal:       4048888 kB
SwapFree:         101172 kB
Dirty:              1588 kB
Writeback:             0 kB
AnonPages:       3467556 kB
Mapped:           301268 kB
Shmem:            328712 kB
KReclaimable:      68296 kB
Slab:             200236 kB
SReclaimable:      68296 kB
SUnreclaim:       131940 kB
KernelStack:       23920 kB
PageTables:        82372 kB
NFS_Unstable:          0 kB
Bounce:                0 kB
WritebackTmp:          0 kB
CommitLimit:     7049484 kB
Committed_AS:   20177508 kB
VmallocTotal:   34359738367 kB
VmallocUsed:       59572 kB
VmallocChunk:          0 kB
Percpu:             7616 kB
HardwareCorrupted:     0 kB
AnonHugePages:         0 kB
ShmemHugePages:        0 kB
ShmemPmdMapped:        0 kB
FileHugePages:         0 kB
FilePmdMapped:         0 kB
CmaTotal:              0 kB
CmaFree:               0 kB
HugePages_Total:       0
HugePages_Free:        0
HugePages_Rsvd:        0
HugePages_Surp:        0
Hugepagesize:       2048 kB
Hugetlb:               0 kB
DirectMap4k:      469372 kB
DirectMap2M:     5746688 kB


/proc/sys/kernel/threads-max (system-wide limit on the number of threads):
46573


/proc/sys/vm/max_map_count (maximum number of memory map areas a process may have):
65530


/proc/sys/kernel/pid_max (system-wide limit on number of process identifiers):
4194304




CPU:total 4 (initial active 4) (2 cores per cpu, 2 threads per core) family 6 model 37 stepping 5, cmov, cx8, fxsr, mmx, sse, sse2, sse3, ssse3, sse4.1, sse4.2, popcnt, aes, clmul, ht, tsc, tscinvbit
CPU Model and flags from /proc/cpuinfo:
model name	: Intel(R) Core(TM) i5 CPU       M 520  @ 2.40GHz
flags		: fpu vme de pse tsc msr pae mce cx8 apic sep mtrr pge mca cmov pat pse36 clflush dts acpi mmx fxsr sse sse2 ht tm pbe syscall nx rdtscp lm constant_tsc arch_perfmon pebs bts rep_good nopl xtopology nonstop_tsc cpuid aperfmperf pni pclmulqdq dtes64 monitor ds_cpl vmx smx est tm2 ssse3 cx16 xtpr pdcm pcid sse4_1 sse4_2 popcnt aes lahf_lm pti ssbd ibrs ibpb stibp tpr_shadow vnmi flexpriority ept vpid dtherm ida arat flush_l1d

Memory: 4k page, physical 6001192k(237748k free), swap 4048888k(101248k free)

vm_info: Java HotSpot(TM) 64-Bit Server VM (11.0.2+9-LTS) for linux-amd64 JRE (11.0.2+9-LTS), built on Jan 17 2019 21:22:50 by "mach5one" with gcc 7.3.0

END.
